Build started 3/3/2016 3:34:52 PM.
     1>Project "C:\Users\DELL!\Documents\Visual Studio 2010\Projects\Hieu\Hieu\Hieu.vcxproj" on node 2 (build target(s)).
     1>InitializeBuildStatus:
         Creating "Debug\Hieu.unsuccessfulbuild" because "AlwaysCreate" was specified.
       ClCompile:
         C:\Program Files (x86)\Microsoft Visual Studio 10.0\VC\bin\CL.exe /c /ZI /nologo /W3 /WX- /Od /Oy- /D _MBCS /Gm /EHsc /RTC1 /MDd /GS /fp:precise /Zc:wchar_t /Zc:forScope /Fo"Debug\\" /Fd"Debug\vc100.pdb" /Gd /TP /analyze- /errorReport:prompt "game swing copter.cpp"
         game swing copter.cpp
     1>c:\users\dell!\documents\visual studio 2010\projects\hieu\hieu\game swing copter.cpp(815): warning C4244: 'argument' : conversion from 'time_t' to 'unsigned int', possible loss of data
       Link:
         C:\Program Files (x86)\Microsoft Visual Studio 10.0\VC\bin\link.exe /ERRORREPORT:PROMPT /OUT:"C:\Users\DELL!\Documents\Visual Studio 2010\Projects\Hieu\Debug\Hieu.exe" /NOLOGO kernel32.lib user32.lib gdi32.lib winspool.lib comdlg32.lib advapi32.lib shell32.lib ole32.lib oleaut32.lib uuid.lib odbc32.lib odbccp32.lib /MANIFEST /ManifestFile:"Debug\Hieu.exe.intermediate.manifest" /MANIFESTUAC:"level='asInvoker' uiAccess='false'" /DEBUG /PDB:"C:\Users\DELL!\Documents\Visual Studio 2010\Projects\Hieu\Debug\Hieu.pdb" /TLBID:1 /DYNAMICBASE /NXCOMPAT /IMPLIB:"C:\Users\DELL!\Documents\Visual Studio 2010\Projects\Hieu\Debug\Hieu.lib" /MACHINE:X86 "Debug\game swing copter.obj"
         LINK : C:\Users\DELL!\Documents\Visual Studio 2010\Projects\Hieu\Debug\Hieu.exe not found or not built by the last incremental link; performing full link
         Hieu.vcxproj -> C:\Users\DELL!\Documents\Visual Studio 2010\Projects\Hieu\Debug\Hieu.exe
       Manifest:
         C:\Program Files (x86)\Microsoft SDKs\Windows\v7.0A\bin\mt.exe /nologo /verbose /outputresource:"C:\Users\DELL!\Documents\Visual Studio 2010\Projects\Hieu\Debug\Hieu.exe;#1" /manifest Debug\Hieu.exe.intermediate.manifest
       FinalizeBuildStatus:
         Deleting file "Debug\Hieu.unsuccessfulbuild".
         Touching "Debug\Hieu.lastbuildstate".
     1>Done Building Project "C:\Users\DELL!\Documents\Visual Studio 2010\Projects\Hieu\Hieu\Hieu.vcxproj" (build target(s)).

Build succeeded.

Time Elapsed 00:00:01.22
